{
  "RSpec": {
    "coverage": {
      "/home/aandra/RubymineProjects/WEPA-RubyonRails/ratebeer/app/models/rating.rb": [
        1,
        1,
        1,
        null,
        1,
        null,
        null,
        null,
        1,
        19,
        null,
        null,
        null
      ],
      "/home/aandra/RubymineProjects/WEPA-RubyonRails/ratebeer/app/helpers/application_helper.rb": [
        1,
        null
      ],
      "/home/aandra/RubymineProjects/WEPA-RubyonRails/ratebeer/app/helpers/beer_clubs_helper.rb": [
        1,
        null
      ],
      "/home/aandra/RubymineProjects/WEPA-RubyonRails/ratebeer/app/helpers/beers_helper.rb": [
        1,
        null
      ],
      "/home/aandra/RubymineProjects/WEPA-RubyonRails/ratebeer/app/helpers/breweries_helper.rb": [
        1,
        null
      ],
      "/home/aandra/RubymineProjects/WEPA-RubyonRails/ratebeer/app/helpers/memberships_helper.rb": [
        1,
        null
      ],
      "/home/aandra/RubymineProjects/WEPA-RubyonRails/ratebeer/app/helpers/users_helper.rb": [
        1,
        null
      ],
      "/home/aandra/RubymineProjects/WEPA-RubyonRails/ratebeer/app/models/beer.rb": [
        1,
        1,
        null,
        1,
        null,
        1,
        null,
        1,
        1,
        1,
        null,
        1,
        2,
        null,
        null,
        1,
        0,
        0,
        null,
        null,
        null
      ],
      "/home/aandra/RubymineProjects/WEPA-RubyonRails/ratebeer/lib/rating_average.rb": [
        1,
        1,
        28,
        null,
        null
      ],
      "/home/aandra/RubymineProjects/WEPA-RubyonRails/ratebeer/app/models/brewery.rb": [
        1,
        1,
        null,
        1,
        null,
        1,
        null,
        1,
        null,
        1,
        1,
        null,
        1,
        47,
        0,
        null,
        null,
        null,
        1,
        0,
        0,
        0,
        null,
        null,
        1,
        0,
        0,
        null,
        null
      ],
      "/home/aandra/RubymineProjects/WEPA-RubyonRails/ratebeer/app/models/beer_club.rb": [
        1,
        1,
        1,
        null
      ],
      "/home/aandra/RubymineProjects/WEPA-RubyonRails/ratebeer/app/controllers/beer_clubs_controller.rb": [
        1,
        1,
        1,
        null,
        null,
        null,
        1,
        0,
        null,
        null,
        null,
        null,
        1,
        null,
        null,
        null,
        1,
        0,
        null,
        null,
        null,
        1,
        null,
        null,
        null,
        null,
        1,
        0,
        null,
        0,
        0,
        0,
        0,
        null,
        0,
        0,
        null,
        null,
        null,
        null,
        null,
        null,
        1,
        0,
        0,
        0,
        0,
        null,
        0,
        0,
        null,
        null,
        null,
        null,
        null,
        null,
        1,
        0,
        0,
        0,
        0,
        null,
        null,
        null,
        1,
        null,
        1,
        0,
        null,
        null,
        null,
        1,
        0,
        null,
        null
      ],
      "/home/aandra/RubymineProjects/WEPA-RubyonRails/ratebeer/app/controllers/application_controller.rb": [
        1,
        null,
        null,
        1,
        null,
        null,
        1,
        null,
        1,
        124,
        91,
        null,
        null,
        1,
        4,
        null,
        null
      ],
      "/home/aandra/RubymineProjects/WEPA-RubyonRails/ratebeer/app/controllers/memberships_controller.rb": [
        1,
        1,
        null,
        null,
        null,
        1,
        0,
        null,
        null,
        null,
        null,
        1,
        null,
        null,
        null,
        1,
        0,
        0,
        null,
        null,
        null,
        1,
        null,
        null,
        null,
        null,
        1,
        0,
        0,
        0,
        null,
        null,
        0,
        null,
        0,
        0,
        0,
        0,
        null,
        0,
        0,
        null,
        null,
        null,
        null,
        null,
        null,
        1,
        0,
        0,
        0,
        0,
        null,
        0,
        0,
        null,
        null,
        null,
        null,
        null,
        null,
        1,
        0,
        0,
        0,
        0,
        null,
        null,
        null,
        1,
        null,
        1,
        0,
        null,
        null,
        null,
        1,
        0,
        null,
        null
      ],
      "/home/aandra/RubymineProjects/WEPA-RubyonRails/ratebeer/app/models/user.rb": [
        1,
        1,
        null,
        1,
        null,
        1,
        null,
        null,
        1,
        null,
        null,
        1,
        1,
        1,
        1,
        null,
        1,
        3,
        2,
        null,
        null,
        1,
        19,
        8,
        null,
        null,
        1,
        19,
        8,
        null,
        null
      ],
      "/home/aandra/RubymineProjects/WEPA-RubyonRails/ratebeer/app/controllers/sessions_controller.rb": [
        1,
        1,
        null,
        null,
        null,
        1,
        10,
        10,
        9,
        9,
        null,
        1,
        null,
        null,
        null,
        1,
        null,
        0,
        null,
        0,
        null,
        null
      ],
      "/home/aandra/RubymineProjects/WEPA-RubyonRails/ratebeer/app/controllers/users_controller.rb": [
        1,
        1,
        null,
        null,
        null,
        1,
        0,
        null,
        null,
        null,
        null,
        1,
        null,
        null,
        null,
        1,
        1,
        null,
        null,
        null,
        1,
        null,
        null,
        null,
        null,
        1,
        1,
        null,
        1,
        1,
        2,
        1,
        null,
        0,
        0,
        null,
        null,
        null,
        null,
        null,
        null,
        1,
        0,
        0,
        0,
        0,
        null,
        0,
        0,
        null,
        null,
        null,
        null,
        null,
        null,
        1,
        0,
        0,
        0,
        null,
        null,
        0,
        0,
        0,
        null,
        null,
        null,
        1,
        null,
        1,
        16,
        null,
        null,
        null,
        1,
        1,
        null,
        null
      ],
      "/home/aandra/RubymineProjects/WEPA-RubyonRails/ratebeer/app/models/membership.rb": [
        1,
        1,
        1,
        null
      ],
      "/home/aandra/RubymineProjects/WEPA-RubyonRails/ratebeer/app/controllers/beers_controller.rb": [
        1,
        1,
        1,
        1,
        null,
        1,
        4,
        4,
        null,
        null,
        null,
        null,
        1,
        1,
        null,
        null,
        null,
        null,
        1,
        null,
        null,
        null,
        1,
        2,
        null,
        null,
        null,
        1,
        null,
        null,
        null,
        null,
        1,
        2,
        null,
        2,
        2,
        2,
        1,
        null,
        2,
        1,
        null,
        null,
        null,
        null,
        null,
        null,
        1,
        0,
        0,
        0,
        0,
        null,
        0,
        0,
        null,
        null,
        null,
        null,
        null,
        null,
        1,
        0,
        0,
        0,
        0,
        null,
        null,
        null,
        1,
        null,
        1,
        0,
        null,
        null,
        null,
        1,
        2,
        null,
        null
      ],
      "/home/aandra/RubymineProjects/WEPA-RubyonRails/ratebeer/app/controllers/breweries_controller.rb": [
        1,
        1,
        1,
        null,
        null,
        null,
        1,
        3,
        3,
        null,
        null,
        null,
        null,
        1,
        null,
        null,
        null,
        1,
        0,
        null,
        null,
        null,
        1,
        null,
        null,
        null,
        null,
        1,
        0,
        null,
        0,
        0,
        0,
        0,
        null,
        0,
        0,
        null,
        null,
        null,
        null,
        null,
        null,
        1,
        0,
        0,
        0,
        0,
        null,
        0,
        0,
        null,
        null,
        null,
        null,
        null,
        null,
        1,
        0,
        0,
        0,
        0,
        null,
        null,
        null,
        1,
        null,
        1,
        1,
        null,
        null,
        null,
        1,
        0,
        null,
        null
      ],
      "/home/aandra/RubymineProjects/WEPA-RubyonRails/ratebeer/app/controllers/ratings_controller.rb": [
        1,
        1,
        1,
        null,
        null,
        1,
        1,
        1,
        null,
        null,
        1,
        1,
        null,
        1,
        0,
        1,
        1,
        1,
        null,
        0,
        0,
        null,
        null,
        null,
        1,
        1,
        1,
        1,
        null,
        null,
        null
      ]
    },
    "timestamp": 1423401745
  }
}
